#
# There is insufficient memory for the Java Runtime Environment to continue.
# Native memory allocation (mmap) failed to map 67108864 bytes for G1 virtual space
# Possible reasons:
#   The system is out of physical RAM or swap space
#   The process is running with CompressedOops enabled, and the Java Heap may be blocking the growth of the native heap
# Possible solutions:
#   Reduce memory load on the system
#   Increase physical memory or swap space
#   Check if swap backing store is full
#   Decrease Java heap size (-Xmx/-Xms)
#   Decrease number of Java threads
#   Decrease Java thread stack sizes (-Xss)
#   Set larger code cache with -XX:ReservedCodeCacheSize=
#   JVM is running with Unscaled Compressed Oops mode in which the Java heap is
#     placed in the first 4GB address space. The Java Heap base address is the
#     maximum limit for the native heap growth. Please use -XX:HeapBaseMinAddress
#     to set the Java Heap base and to place the Java Heap above 4GB virtual address.
# This output file may be truncated or incomplete.
#
#  Out of Memory Error (os_windows.cpp:3613), pid=21328, tid=41800
#
# JRE version:  (17.0.9+9) (build )
# Java VM: OpenJDK 64-Bit Server VM (17.0.9+9-adhoc..jdk17u, mixed mode, sharing, tiered, compressed oops, compressed class ptrs, g1 gc, windows-amd64)
# No core dump will be written. Minidumps are not enabled by default on client versions of Windows
#

---------------  S U M M A R Y ------------

Command Line: -Xmx64m -Xms64m -Dorg.gradle.appname=gradlew org.gradle.wrapper.GradleWrapperMain app:installDebug -PreactNativeDevServerPort=8081

Host: Intel(R) Core(TM) i7-8550U CPU @ 1.80GHz, 8 cores, 7G,  Windows 11 , 64 bit Build 22621 (10.0.22621.3085)
Time: Tue Mar 19 15:16:13 2024 Malay Peninsula Standard Time elapsed time: 0.039689 seconds (0d 0h 0m 0s)

---------------  T H R E A D  ---------------

Current thread (0x000002ade9f824f0):  JavaThread "Unknown thread" [_thread_in_vm, id=41800, stack(0x000000f913500000,0x000000f913600000)]

Stack: [0x000000f913500000,0x000000f913600000]
Native frames: (J=compiled Java code, j=interpreted, Vv=VM code, C=native code)
V  [jvm.dll+0x67cf49]
V  [jvm.dll+0x83478a]
V  [jvm.dll+0x83624e]
V  [jvm.dll+0x8368b3]
V  [jvm.dll+0x247f1f]
V  [jvm.dll+0x679d69]
V  [jvm.dll+0x66e6ba]
V  [jvm.dll+0x307e5b]
V  [jvm.dll+0x30f306]
V  [jvm.dll+0x35f0ce]
V  [jvm.dll+0x35f2ff]
V  [jvm.dll+0x2dea58]
V  [jvm.dll+0x2df9c4]
V  [jvm.dll+0x806031]
V  [jvm.dll+0x36cf31]
V  [jvm.dll+0x7e4aac]
V  [jvm.dll+0x3f07af]
V  [jvm.dll+0x3f23e1]
C  [jli.dll+0x528f]
C  [ucrtbase.dll+0x29363]
C  [KERNEL32.DLL+0x1257d]
C  [ntdll.dll+0x5aa58]


---------------  P R O C E S S  ---------------

Threads class SMR info:
_java_thread_list=0x00007fff99b8ee98, length=0, elements={
}

Java Threads: ( => current thread )

Other Threads:
  0x000002ade9fa2260 GCTaskThread "GC Thread#0" [stack: 0x000000f913600000,0x000000f913700000] [id=26880]
  0x000002ade9fa39b0 ConcurrentGCThread "G1 Main Marker" [stack: 0x000000f913700000,0x000000f913800000] [id=44988]
  0x000002ade9fa4b70 ConcurrentGCThread "G1 Conc#0" [stack: 0x000000f913800000,0x000000f913900000] [id=36896]

[error occurred during error reporting (printing all threads), id 0xc0000005, EXCEPTION_ACCESS_VIOLATION (0xc0000005) at pc=0x00007fff9934f497]

VM state: not at safepoint (not fully initialized)

VM Mutex/Monitor currently owned by a thread:  ([mutex/lock_event])
[0x000002ade9f7cb90] Heap_lock - owner thread: 0x000002ade9f824f0

Heap address: 0x00000000fc000000, size: 64 MB, Compressed Oops mode: 32-bit

CDS archive(s) mapped at: [0x0000000000000000-0x0000000000000000-0x0000000000000000), size 0, SharedBaseAddress: 0x0000000800000000, ArchiveRelocationMode: 1.
Narrow klass base: 0x0000000000000000, Narrow klass shift: 0, Narrow klass range: 0x0

GC Precious Log:
<Empty>

Heap:
 garbage-first heap   total 0K, used 0K [0x00000000fc000000, 0x0000000100000000)
  region size 1024K, 0 young (0K), 0 survivors (0K)

[error occurred during error reporting (printing heap information), id 0xc0000005, EXCEPTION_ACCESS_VIOLATION (0xc0000005) at pc=0x00007fff99736c79]

GC Heap History (0 events):
No events

Dll operation events (1 events):
Event: 0.021 Loaded shared library C:\Program Files\OpenLogic\jre-17.0.9.9-hotspot\bin\java.dll

Deoptimization events (0 events):
No events

Classes unloaded (0 events):
No events

Classes redefined (0 events):
No events

Internal exceptions (0 events):
No events

VM Operations (0 events):
No events

Events (0 events):
No events


Dynamic libraries:
0x00007ff79f310000 - 0x00007ff79f31e000 	C:\Program Files\OpenLogic\jre-17.0.9.9-hotspot\bin\java.exe
0x00007ff82d450000 - 0x00007ff82d667000 	C:\Windows\SYSTEM32\ntdll.dll
0x00007ff82bf10000 - 0x00007ff82bfd4000 	C:\Windows\System32\KERNEL32.DLL
0x00007ff82a8a0000 - 0x00007ff82ac46000 	C:\Windows\System32\KERNELBASE.dll
0x00007ff82ad70000 - 0x00007ff82ae81000 	C:\Windows\System32\ucrtbase.dll
0x00007ff81e990000 - 0x00007ff81e9ab000 	C:\Program Files\OpenLogic\jre-17.0.9.9-hotspot\bin\VCRUNTIME140.dll
0x00007ff81e930000 - 0x00007ff81e947000 	C:\Program Files\OpenLogic\jre-17.0.9.9-hotspot\bin\jli.dll
0x00007ff82c750000 - 0x00007ff82c8fe000 	C:\Windows\System32\USER32.dll
0x00007ff82b0f0000 - 0x00007ff82b116000 	C:\Windows\System32\win32u.dll
0x00007ff82d360000 - 0x00007ff82d389000 	C:\Windows\System32\GDI32.dll
0x00007ff817300000 - 0x00007ff817593000 	C:\Windows\WinSxS\amd64_microsoft.windows.common-controls_6595b64144ccf1df_6.0.22621.2506_none_270c5ae97388e100\COMCTL32.dll
0x00007ff82ac50000 - 0x00007ff82ad68000 	C:\Windows\System32\gdi32full.dll
0x00007ff82caa0000 - 0x00007ff82cb47000 	C:\Windows\System32\msvcrt.dll
0x00007ff82a790000 - 0x00007ff82a82a000 	C:\Windows\System32\msvcp_win.dll
0x00007ff82cc80000 - 0x00007ff82ccb1000 	C:\Windows\System32\IMM32.DLL
0x00007ff8214e0000 - 0x00007ff8214ec000 	C:\Program Files\OpenLogic\jre-17.0.9.9-hotspot\bin\vcruntime140_1.dll
0x00007ff8092b0000 - 0x00007ff80933d000 	C:\Program Files\OpenLogic\jre-17.0.9.9-hotspot\bin\msvcp140.dll
0x00007fff99060000 - 0x00007fff99cc1000 	C:\Program Files\OpenLogic\jre-17.0.9.9-hotspot\bin\server\jvm.dll
0x00007ff82c130000 - 0x00007ff82c1e3000 	C:\Windows\System32\ADVAPI32.dll
0x00007ff82b4f0000 - 0x00007ff82b598000 	C:\Windows\System32\sechost.dll
0x00007ff82ae90000 - 0x00007ff82aeb8000 	C:\Windows\System32\bcrypt.dll
0x00007ff82c980000 - 0x00007ff82ca97000 	C:\Windows\System32\RPCRT4.dll
0x00007ff8295e0000 - 0x00007ff82962d000 	C:\Windows\SYSTEM32\POWRPROF.dll
0x00007ff8203c0000 - 0x00007ff8203c9000 	C:\Windows\SYSTEM32\WSOCK32.dll
0x00007ff823680000 - 0x00007ff8236b4000 	C:\Windows\SYSTEM32\WINMM.dll
0x00007ff82cb50000 - 0x00007ff82cbc1000 	C:\Windows\System32\WS2_32.dll
0x00007ff821b20000 - 0x00007ff821b2a000 	C:\Windows\SYSTEM32\VERSION.dll
0x00007ff8295c0000 - 0x00007ff8295d3000 	C:\Windows\SYSTEM32\UMPDC.dll
0x00007ff829880000 - 0x00007ff829898000 	C:\Windows\SYSTEM32\kernel.appcore.dll
0x00007ff81fc50000 - 0x00007ff81fc5a000 	C:\Program Files\OpenLogic\jre-17.0.9.9-hotspot\bin\jimage.dll
0x00007ff8277d0000 - 0x00007ff827a03000 	C:\Windows\SYSTEM32\DBGHELP.DLL
0x00007ff82c3c0000 - 0x00007ff82c749000 	C:\Windows\System32\combase.dll
0x00007ff82bfe0000 - 0x00007ff82c0b7000 	C:\Windows\System32\OLEAUT32.dll
0x00007ff804de0000 - 0x00007ff804e12000 	C:\Windows\SYSTEM32\dbgcore.DLL
0x00007ff82b120000 - 0x00007ff82b19a000 	C:\Windows\System32\bcryptPrimitives.dll
0x00007ff809660000 - 0x00007ff809685000 	C:\Program Files\OpenLogic\jre-17.0.9.9-hotspot\bin\java.dll

dbghelp: loaded successfully - version: 4.0.5 - missing functions: none
symbol engine: initialized successfully - sym options: 0x614 - pdb path: .;C:\Program Files\OpenLogic\jre-17.0.9.9-hotspot\bin;C:\Windows\SYSTEM32;C:\Windows\WinSxS\amd64_microsoft.windows.common-controls_6595b64144ccf1df_6.0.22621.2506_none_270c5ae97388e100;C:\Program Files\OpenLogic\jre-17.0.9.9-hotspot\bin\server

VM Arguments:
jvm_args: -Xmx64m -Xms64m -Dorg.gradle.appname=gradlew 
java_command: org.gradle.wrapper.GradleWrapperMain app:installDebug -PreactNativeDevServerPort=8081
java_class_path (initial): C:\laragon\www\ncictsomis_mobile2\android\\gradle\wrapper\gradle-wrapper.jar
Launcher Type: SUN_STANDARD

[Global flags]
     intx CICompilerCount                          = 4                                         {product} {ergonomic}
     uint ConcGCThreads                            = 2                                         {product} {ergonomic}
     uint G1ConcRefinementThreads                  = 8                                         {product} {ergonomic}
   size_t G1HeapRegionSize                         = 1048576                                   {product} {ergonomic}
    uintx GCDrainStackTargetSize                   = 64                                        {product} {ergonomic}
   size_t InitialHeapSize                          = 67108864                                  {product} {command line}
   size_t MarkStackSize                            = 4194304                                   {product} {ergonomic}
   size_t MaxHeapSize                              = 67108864                                  {product} {command line}
   size_t MinHeapDeltaBytes                        = 1048576                                   {product} {ergonomic}
   size_t MinHeapSize                              = 67108864                                  {product} {command line}
    uintx NonNMethodCodeHeapSize                   = 5839372                                {pd product} {ergonomic}
    uintx NonProfiledCodeHeapSize                  = 122909434                              {pd product} {ergonomic}
    uintx ProfiledCodeHeapSize                     = 122909434                              {pd product} {ergonomic}
    uintx ReservedCodeCacheSize                    = 251658240                              {pd product} {ergonomic}
     bool SegmentedCodeCache                       = true                                      {product} {ergonomic}
   size_t SoftMaxHeapSize                          = 67108864                               {manageable} {ergonomic}
     bool UseCompressedClassPointers               = true                           {product lp64_product} {ergonomic}
     bool UseCompressedOops                        = true                           {product lp64_product} {ergonomic}
     bool UseG1GC                                  = true                                      {product} {ergonomic}
     bool UseLargePagesIndividualAllocation        = false                                  {pd product} {ergonomic}

Logging:
Log output configuration:
 #0: stdout all=warning uptime,level,tags
 #1: stderr all=off uptime,level,tags

Environment Variables:
JAVA_HOME=C:\Program Files\OpenLogic\jre-17.0.9.9-hotspot
CLASSPATH=C:\laragon\www\ncictsomis_mobile2\android\\gradle\wrapper\gradle-wrapper.jar
PATH=C:\laragon\www\ncictsomis_mobile2\node_modules\.bin;C:\laragon\www\ncictsomis_mobile2\node_modules\.bin;C:\laragon\www\node_modules\.bin;C:\laragon\node_modules\.bin;C:\node_modules\.bin;C:\Program Files\nodejs\node_modules\npm\node_modules\@npmcli\run-script\lib\node-gyp-bin;C:\laragon\www\ncictsomis_mobile2\node_modules\.bin;C:\laragon\www\node_modules\.bin;C:\laragon\node_modules\.bin;C:\node_modules\.bin;C:\Program Files\nodejs\node_modules\npm\node_modules\@npmcli\run-script\lib\node-gyp-bin;C:\Program Files\Microsoft\jdk-17.0.10.7-hotspot\bin;C:\Program Files\OpenLogic\jre-17.0.9.9-hotspot\bin;C:\Program Files\Microsoft\jdk-11.0.20.8-hotspot\bin;C:\Python312\Scripts\;C:\Python312\;C:\Windows\system32;C:\Windows;C:\Windows\System32\Wbem;C:\Windows\System32\WindowsPowerShell\v1.0\;C:\Windows\System32\OpenSSH\;C:\laragon\bin\php\php-8.1.10-Win32-vs16-x64;C:\laragon\bin\php\php-7.3.0-Win32-VC15-x64;C:\wamp64\bin\php\php8.1.13;C:\wamp64\bin\php\php8.0.26;C:\xampp\php;C:\composer;C:\Program Files\Microsoft\Web Platform Installer\;C:\Program Files (x86)\Microsoft ASP.NET\ASP.NET Web Pages\v1.0\;C:\Program Files\Microsoft SQL Server\110\Tools\Binn\;C:\Program Files\Git\cmd;C:\Users\jerec\AppData\Local\Android\Sdk\platform-tools;C:\ProgramData\chocolatey\bin;C:\Program Files\nodejs\;C:\Program Files\OpenLogic\jre-17.0.9.9-hotspot\bin;C:\Users\jerec\AppData\Local\jdk-11.0.2\bin;C:\laragon\bin;C:\laragon\bin\apache\httpd-2.4.54-win64-VS16\bin;C:\laragon\bin\composer;C:\laragon\bin\git\bin;C:\laragon\bin\git\cmd;C:\laragon\bin\git\mingw64\bin;C:\laragon\bin\git\usr\bin;C:\laragon\bin\laragon\utils;C:\laragon\bin\mysql\mysql-8.0.30-winx64\bin;C:\laragon\bin\nginx\nginx-1.22.0;C:\laragon\bin\ngrok;C:\laragon\bin\nodejs\node-v18;C:\laragon\bin\notepad++;C:\laragon\bin\php\php-8.1.10-Win32-vs16-x64;C:\laragon\bin\python\python-3.10;C:\laragon\bin\python\python-3.10\Scripts;C:\laragon\bin\redis\redis-x64-5.0.14.1;C:\laragon\bin\telnet;C:\laragon\usr\bin;C:\Users\jerec\AppDat
USERNAME=jerec
LANG=en_US.UTF-8
OS=Windows_NT
PROCESSOR_IDENTIFIER=Intel64 Family 6 Model 142 Stepping 10, GenuineIntel
TMP=C:\Users\jerec\AppData\Local\Temp
TEMP=C:\Users\jerec\AppData\Local\Temp



Periodic native trim disabled


---------------  S Y S T E M  ---------------

OS:
 Windows 11 , 64 bit Build 22621 (10.0.22621.3085)
OS uptime: 9 days 18:25 hours
Hyper-V role detected

CPU: total 8 (initial active 8) (4 cores per cpu, 2 threads per core) family 6 model 142 stepping 10 microcode 0xe0, cx8, cmov, fxsr, ht, mmx, 3dnowpref, sse, sse2, sse3, ssse3, sse4.1, sse4.2, popcnt, lzcnt, tsc, tscinvbit, avx, avx2, aes, erms, clmul, bmi1, bmi2, adx, fma, vzeroupper, clflush, clflushopt, hv
Processor Information for all 8 processors :
  Max Mhz: 2001, Current Mhz: 2001, Mhz Limit: 2001

Memory: 4k page, system-wide physical 8097M (118M free)
TotalPageFile size 32673M (AvailPageFile size 22M)
current process WorkingSet (physical memory assigned to process): 11M, peak: 11M
current process commit charge ("private bytes"): 59M, peak: 123M

vm_info: OpenJDK 64-Bit Server VM (17.0.9+9-adhoc..jdk17u) for windows-amd64 JRE (17.0.9+9-adhoc..jdk17u), built on Oct 18 2023 11:34:43 by "" with MS VC++ 16.10 / 16.11 (VS2019)

END.
